# JRE version: OpenJDK Runtime Environment (17.0.9) (build 17.0.9+0--11185874)
# Java VM: OpenJDK 64-Bit Server VM (17.0.9+0--11185874, mixed mode, tiered, compressed oops, compressed class ptrs, g1 gc, windows-amd64)
GC Precious Log:
 CPUs: 8 total, 8 available
 Memory: 16217M
 Large Page Support: Disabled
 NUMA Support: Disabled
 Compressed Oops: Enabled (Zero based)
 Heap Region Size: 2M
 Heap Min Capacity: 8M
 Heap Initial Capacity: 254M
 Heap Max Capacity: 4G
 Pre-touch: Disabled
 Parallel Workers: 8
 Concurrent Workers: 2
 Concurrent Refinement Workers: 8
 Periodic GC: Disabled
Heap:
 garbage-first heap   total 219136K, used 159724K [0x0000000700000000, 0x0000000800000000)
  region size 2048K, 15 young (30720K), 4 survivors (8192K)
 Metaspace       used 100395K, committed 101376K, reserved 1179648K
  class space    used 13910K, committed 14336K, reserved 1048576K
GC Heap History (20 events):
Event: 38.970 GC heap before
{Heap before GC invocations=26 (full 0):
 garbage-first heap   total 151552K, used 118115K [0x0000000700000000, 0x0000000800000000)
  region size 2048K, 19 young (38912K), 2 survivors (4096K)
 Metaspace       used 84436K, committed 85120K, reserved 1179648K
  class space    used 11441K, committed 11776K, reserved 1048576K
}
Event: 38.980 GC heap after
{Heap after GC invocations=27 (full 0):
 garbage-first heap   total 151552K, used 87741K [0x0000000700000000, 0x0000000800000000)
  region size 2048K, 3 young (6144K), 3 survivors (6144K)
 Metaspace       used 84436K, committed 85120K, reserved 1179648K
  class space    used 11441K, committed 11776K, reserved 1048576K
}
Event: 39.312 GC heap before
{Heap before GC invocations=28 (full 0):
 garbage-first heap   total 153600K, used 91837K [0x0000000700000000, 0x0000000800000000)
  region size 2048K, 7 young (14336K), 3 survivors (6144K)
 Metaspace       used 84438K, committed 85120K, reserved 1179648K
  class space    used 11441K, committed 11776K, reserved 1048576K
}
Event: 39.319 GC heap after
{Heap after GC invocations=29 (full 0):
 garbage-first heap   total 153600K, used 93430K [0x0000000700000000, 0x0000000800000000)
  region size 2048K, 3 young (6144K), 3 survivors (6144K)
 Metaspace       used 84438K, committed 85120K, reserved 1179648K
  class space    used 11441K, committed 11776K, reserved 1048576K
}
Event: 40.407 GC heap before
{Heap before GC invocations=30 (full 0):
 garbage-first heap   total 178176K, used 124150K [0x0000000700000000, 0x0000000800000000)
  region size 2048K, 15 young (30720K), 3 survivors (6144K)
 Metaspace       used 86425K, committed 87104K, reserved 1179648K
  class space    used 11714K, committed 12032K, reserved 1048576K
}
Event: 40.413 GC heap after
{Heap after GC invocations=31 (full 0):
 garbage-first heap   total 215040K, used 101664K [0x0000000700000000, 0x0000000800000000)
  region size 2048K, 2 young (4096K), 2 survivors (4096K)
 Metaspace       used 86425K, committed 87104K, reserved 1179648K
  class space    used 11714K, committed 12032K, reserved 1048576K
}
Event: 40.665 GC heap before
{Heap before GC invocations=31 (full 0):
 garbage-first heap   total 215040K, used 107808K [0x0000000700000000, 0x0000000800000000)
  region size 2048K, 5 young (10240K), 2 survivors (4096K)
 Metaspace       used 86818K, committed 87552K, reserved 1179648K
  class space    used 11760K, committed 12096K, reserved 1048576K
}
Event: 40.668 GC heap after
{Heap after GC invocations=32 (full 0):
 garbage-first heap   total 215040K, used 102218K [0x0000000700000000, 0x0000000800000000)
  region size 2048K, 1 young (2048K), 1 survivors (2048K)
 Metaspace       used 86818K, committed 87552K, reserved 1179648K
  class space    used 11760K, committed 12096K, reserved 1048576K
}
Event: 42.490 GC heap before
{Heap before GC invocations=32 (full 0):
 garbage-first heap   total 215040K, used 159562K [0x0000000700000000, 0x0000000800000000)
  region size 2048K, 29 young (59392K), 1 survivors (2048K)
 Metaspace       used 88342K, committed 89088K, reserved 1179648K
  class space    used 11961K, committed 12288K, reserved 1048576K
}
Event: 42.495 GC heap after
{Heap after GC invocations=33 (full 0):
 garbage-first heap   total 215040K, used 105531K [0x0000000700000000, 0x0000000800000000)
  region size 2048K, 2 young (4096K), 2 survivors (4096K)
 Metaspace       used 88342K, committed 89088K, reserved 1179648K
  class space    used 11961K, committed 12288K, reserved 1048576K
}
Event: 43.975 GC heap before
{Heap before GC invocations=34 (full 0):
 garbage-first heap   total 215040K, used 162875K [0x0000000700000000, 0x0000000800000000)
  region size 2048K, 31 young (63488K), 2 survivors (4096K)
 Metaspace       used 92381K, committed 93120K, reserved 1179648K
  class space    used 12694K, committed 12992K, reserved 1048576K
}
Event: 43.983 GC heap after
{Heap after GC invocations=35 (full 0):
 garbage-first heap   total 215040K, used 107430K [0x0000000700000000, 0x0000000800000000)
  region size 2048K, 3 young (6144K), 3 survivors (6144K)
 Metaspace       used 92381K, committed 93120K, reserved 1179648K
  class space    used 12694K, committed 12992K, reserved 1048576K
}
Event: 45.981 GC heap before
{Heap before GC invocations=35 (full 0):
 garbage-first heap   total 215040K, used 168870K [0x0000000700000000, 0x0000000800000000)
  region size 2048K, 33 young (67584K), 3 survivors (6144K)
 Metaspace       used 95954K, committed 96640K, reserved 1179648K
  class space    used 13228K, committed 13568K, reserved 1048576K
}
Event: 45.991 GC heap after
{Heap after GC invocations=36 (full 0):
 garbage-first heap   total 215040K, used 110902K [0x0000000700000000, 0x0000000800000000)
  region size 2048K, 3 young (6144K), 3 survivors (6144K)
 Metaspace       used 95954K, committed 96640K, reserved 1179648K
  class space    used 13228K, committed 13568K, reserved 1048576K
}
Event: 48.043 GC heap before
{Heap before GC invocations=37 (full 0):
 garbage-first heap   total 215040K, used 170294K [0x0000000700000000, 0x0000000800000000)
  region size 2048K, 32 young (65536K), 3 survivors (6144K)
 Metaspace       used 97708K, committed 98496K, reserved 1179648K
  class space    used 13494K, committed 13824K, reserved 1048576K
}
Event: 48.057 GC heap after
{Heap after GC invocations=38 (full 0):
 garbage-first heap   total 215040K, used 117278K [0x0000000700000000, 0x0000000800000000)
  region size 2048K, 4 young (8192K), 4 survivors (8192K)
 Metaspace       used 97708K, committed 98496K, reserved 1179648K
  class space    used 13494K, committed 13824K, reserved 1048576K
}
Event: 49.299 GC heap before
{Heap before GC invocations=38 (full 0):
 garbage-first heap   total 215040K, used 170526K [0x0000000700000000, 0x0000000800000000)
  region size 2048K, 31 young (63488K), 4 survivors (8192K)
 Metaspace       used 99590K, committed 100480K, reserved 1179648K
  class space    used 13803K, committed 14208K, reserved 1048576K
}
Event: 49.316 GC heap after
{Heap after GC invocations=39 (full 0):
 garbage-first heap   total 215040K, used 127298K [0x0000000700000000, 0x0000000800000000)
  region size 2048K, 4 young (8192K), 4 survivors (8192K)
 Metaspace       used 99590K, committed 100480K, reserved 1179648K
  class space    used 13803K, committed 14208K, reserved 1048576K
}
Event: 50.824 GC heap before
{Heap before GC invocations=40 (full 0):
 garbage-first heap   total 219136K, used 170306K [0x0000000700000000, 0x0000000800000000)
  region size 2048K, 26 young (53248K), 4 survivors (8192K)
 Metaspace       used 100097K, committed 101120K, reserved 1179648K
  class space    used 13868K, committed 14272K, reserved 1048576K
}
Event: 50.837 GC heap after
{Heap after GC invocations=41 (full 0):
 garbage-first heap   total 219136K, used 141292K [0x0000000700000000, 0x0000000800000000)
  region size 2048K, 4 young (8192K), 4 survivors (8192K)
 Metaspace       used 100097K, committed 101120K, reserved 1179648K
  class space    used 13868K, committed 14272K, reserved 1048576K
}

