# JRE version: OpenJDK Runtime Environment (17.0.9) (build 17.0.9+0--11185874)
# Java VM: OpenJDK 64-Bit Server VM (17.0.9+0--11185874, mixed mode, tiered, compressed oops, compressed class ptrs, g1 gc, windows-amd64)
GC Precious Log:
 CPUs: 8 total, 8 available
 Memory: 16217M
 Large Page Support: Disabled
 NUMA Support: Disabled
 Compressed Oops: Enabled (Zero based)
 Heap Region Size: 2M
 Heap Min Capacity: 8M
 Heap Initial Capacity: 254M
 Heap Max Capacity: 4G
 Pre-touch: Disabled
 Parallel Workers: 8
 Concurrent Workers: 2
 Concurrent Refinement Workers: 8
 Periodic GC: Disabled
Heap:
 garbage-first heap   total 356352K, used 265015K [0x0000000700000000, 0x0000000800000000)
  region size 2048K, 46 young (94208K), 3 survivors (6144K)
 Metaspace       used 117909K, committed 119232K, reserved 1179648K
  class space    used 16063K, committed 16640K, reserved 1048576K
GC Heap History (20 events):
Event: 23.190 GC heap before
{Heap before GC invocations=53 (full 0):
 garbage-first heap   total 194560K, used 157232K [0x0000000700000000, 0x0000000800000000)
  region size 2048K, 26 young (53248K), 3 survivors (6144K)
 Metaspace       used 96366K, committed 97152K, reserved 1179648K
  class space    used 13332K, committed 13696K, reserved 1048576K
}
Event: 23.197 GC heap after
{Heap after GC invocations=54 (full 0):
 garbage-first heap   total 233472K, used 115166K [0x0000000700000000, 0x0000000800000000)
  region size 2048K, 4 young (8192K), 4 survivors (8192K)
 Metaspace       used 96366K, committed 97152K, reserved 1179648K
  class space    used 13332K, committed 13696K, reserved 1048576K
}
Event: 24.526 GC heap before
{Heap before GC invocations=55 (full 0):
 garbage-first heap   total 233472K, used 184798K [0x0000000700000000, 0x0000000800000000)
  region size 2048K, 38 young (77824K), 4 survivors (8192K)
 Metaspace       used 99127K, committed 100096K, reserved 1179648K
  class space    used 13779K, committed 14208K, reserved 1048576K
}
Event: 24.540 GC heap after
{Heap after GC invocations=56 (full 0):
 garbage-first heap   total 233472K, used 125096K [0x0000000700000000, 0x0000000800000000)
  region size 2048K, 5 young (10240K), 5 survivors (10240K)
 Metaspace       used 99127K, committed 100096K, reserved 1179648K
  class space    used 13779K, committed 14208K, reserved 1048576K
}
Event: 25.705 GC heap before
{Heap before GC invocations=56 (full 0):
 garbage-first heap   total 233472K, used 184488K [0x0000000700000000, 0x0000000800000000)
  region size 2048K, 34 young (69632K), 5 survivors (10240K)
 Metaspace       used 99986K, committed 100992K, reserved 1179648K
  class space    used 13879K, committed 14336K, reserved 1048576K
}
Event: 25.719 GC heap after
{Heap after GC invocations=57 (full 0):
 garbage-first heap   total 233472K, used 141728K [0x0000000700000000, 0x0000000800000000)
  region size 2048K, 5 young (10240K), 5 survivors (10240K)
 Metaspace       used 99986K, committed 100992K, reserved 1179648K
  class space    used 13879K, committed 14336K, reserved 1048576K
}
Event: 26.571 GC heap before
{Heap before GC invocations=58 (full 0):
 garbage-first heap   total 249856K, used 182688K [0x0000000700000000, 0x0000000800000000)
  region size 2048K, 25 young (51200K), 5 survivors (10240K)
 Metaspace       used 100586K, committed 101696K, reserved 1179648K
  class space    used 13963K, committed 14464K, reserved 1048576K
}
Event: 26.586 GC heap after
{Heap after GC invocations=59 (full 0):
 garbage-first heap   total 249856K, used 148598K [0x0000000700000000, 0x0000000800000000)
  region size 2048K, 4 young (8192K), 4 survivors (8192K)
 Metaspace       used 100586K, committed 101696K, reserved 1179648K
  class space    used 13963K, committed 14464K, reserved 1048576K
}
Event: 27.427 GC heap before
{Heap before GC invocations=59 (full 0):
 garbage-first heap   total 249856K, used 195702K [0x0000000700000000, 0x0000000800000000)
  region size 2048K, 27 young (55296K), 4 survivors (8192K)
 Metaspace       used 101237K, committed 102400K, reserved 1179648K
  class space    used 14035K, committed 14528K, reserved 1048576K
}
Event: 27.442 GC heap after
{Heap after GC invocations=60 (full 0):
 garbage-first heap   total 249856K, used 157259K [0x0000000700000000, 0x0000000800000000)
  region size 2048K, 4 young (8192K), 4 survivors (8192K)
 Metaspace       used 101237K, committed 102400K, reserved 1179648K
  class space    used 14035K, committed 14528K, reserved 1048576K
}
Event: 28.311 GC heap before
{Heap before GC invocations=61 (full 0):
 garbage-first heap   total 280576K, used 198219K [0x0000000700000000, 0x0000000800000000)
  region size 2048K, 24 young (49152K), 4 survivors (8192K)
 Metaspace       used 104292K, committed 105472K, reserved 1179648K
  class space    used 14529K, committed 15040K, reserved 1048576K
}
Event: 28.324 GC heap after
{Heap after GC invocations=62 (full 0):
 garbage-first heap   total 280576K, used 160664K [0x0000000700000000, 0x0000000800000000)
  region size 2048K, 2 young (4096K), 2 survivors (4096K)
 Metaspace       used 104292K, committed 105472K, reserved 1179648K
  class space    used 14529K, committed 15040K, reserved 1048576K
}
Event: 29.431 GC heap before
{Heap before GC invocations=62 (full 0):
 garbage-first heap   total 280576K, used 220056K [0x0000000700000000, 0x0000000800000000)
  region size 2048K, 31 young (63488K), 2 survivors (4096K)
 Metaspace       used 108435K, committed 109632K, reserved 1179648K
  class space    used 15055K, committed 15616K, reserved 1048576K
}
Event: 29.445 GC heap after
{Heap after GC invocations=63 (full 0):
 garbage-first heap   total 280576K, used 166817K [0x0000000700000000, 0x0000000800000000)
  region size 2048K, 4 young (8192K), 4 survivors (8192K)
 Metaspace       used 108435K, committed 109632K, reserved 1179648K
  class space    used 15055K, committed 15616K, reserved 1048576K
}
Event: 30.694 GC heap before
{Heap before GC invocations=64 (full 0):
 garbage-first heap   total 296960K, used 222113K [0x0000000700000000, 0x0000000800000000)
  region size 2048K, 31 young (63488K), 4 survivors (8192K)
 Metaspace       used 110239K, committed 111488K, reserved 1179648K
  class space    used 15268K, committed 15808K, reserved 1048576K
}
Event: 30.713 GC heap after
{Heap after GC invocations=65 (full 0):
 garbage-first heap   total 296960K, used 175713K [0x0000000700000000, 0x0000000800000000)
  region size 2048K, 4 young (8192K), 4 survivors (8192K)
 Metaspace       used 110239K, committed 111488K, reserved 1179648K
  class space    used 15268K, committed 15808K, reserved 1048576K
}
Event: 30.787 GC heap before
{Heap before GC invocations=65 (full 0):
 garbage-first heap   total 296960K, used 181857K [0x0000000700000000, 0x0000000800000000)
  region size 2048K, 7 young (14336K), 4 survivors (8192K)
 Metaspace       used 110471K, committed 111680K, reserved 1179648K
  class space    used 15288K, committed 15808K, reserved 1048576K
}
Event: 30.803 GC heap after
{Heap after GC invocations=66 (full 0):
 garbage-first heap   total 356352K, used 177483K [0x0000000700000000, 0x0000000800000000)
  region size 2048K, 1 young (2048K), 1 survivors (2048K)
 Metaspace       used 110471K, committed 111680K, reserved 1179648K
  class space    used 15288K, committed 15808K, reserved 1048576K
}
Event: 32.659 GC heap before
{Heap before GC invocations=66 (full 0):
 garbage-first heap   total 356352K, used 275787K [0x0000000700000000, 0x0000000800000000)
  region size 2048K, 50 young (102400K), 1 survivors (2048K)
 Metaspace       used 114757K, committed 116032K, reserved 1179648K
  class space    used 15825K, committed 16384K, reserved 1048576K
}
Event: 32.670 GC heap after
{Heap after GC invocations=67 (full 0):
 garbage-first heap   total 356352K, used 181047K [0x0000000700000000, 0x0000000800000000)
  region size 2048K, 3 young (6144K), 3 survivors (6144K)
 Metaspace       used 114757K, committed 116032K, reserved 1179648K
  class space    used 15825K, committed 16384K, reserved 1048576K
}

