# JRE version: OpenJDK Runtime Environment (17.0.9) (build 17.0.9+0--11185874)
# Java VM: OpenJDK 64-Bit Server VM (17.0.9+0--11185874, mixed mode, tiered, compressed oops, compressed class ptrs, g1 gc, windows-amd64)
GC Precious Log:
 CPUs: 8 total, 8 available
 Memory: 16217M
 Large Page Support: Disabled
 NUMA Support: Disabled
 Compressed Oops: Enabled (Zero based)
 Heap Region Size: 2M
 Heap Min Capacity: 8M
 Heap Initial Capacity: 254M
 Heap Max Capacity: 4G
 Pre-touch: Disabled
 Parallel Workers: 8
 Concurrent Workers: 2
 Concurrent Refinement Workers: 8
 Periodic GC: Disabled
Heap:
 garbage-first heap   total 122880K, used 82875K [0x0000000700000000, 0x0000000800000000)
  region size 2048K, 9 young (18432K), 1 survivors (2048K)
 Metaspace       used 74587K, committed 75200K, reserved 1114112K
  class space    used 10191K, committed 10496K, reserved 1048576K
GC Heap History (20 events):
Event: 13.572 GC heap before
{Heap before GC invocations=24 (full 0):
 garbage-first heap   total 71680K, used 52294K [0x0000000700000000, 0x0000000800000000)
  region size 2048K, 10 young (20480K), 2 survivors (4096K)
 Metaspace       used 61679K, committed 62144K, reserved 1114112K
  class space    used 8425K, committed 8640K, reserved 1048576K
}
Event: 13.575 GC heap after
{Heap after GC invocations=25 (full 0):
 garbage-first heap   total 86016K, used 38443K [0x0000000700000000, 0x0000000800000000)
  region size 2048K, 1 young (2048K), 1 survivors (2048K)
 Metaspace       used 61679K, committed 62144K, reserved 1114112K
  class space    used 8425K, committed 8640K, reserved 1048576K
}
Event: 14.310 GC heap before
{Heap before GC invocations=25 (full 0):
 garbage-first heap   total 86016K, used 71211K [0x0000000700000000, 0x0000000800000000)
  region size 2048K, 17 young (34816K), 1 survivors (2048K)
 Metaspace       used 64943K, committed 65472K, reserved 1114112K
  class space    used 8971K, committed 9216K, reserved 1048576K
}
Event: 14.316 GC heap after
{Heap after GC invocations=26 (full 0):
 garbage-first heap   total 86016K, used 40090K [0x0000000700000000, 0x0000000800000000)
  region size 2048K, 2 young (4096K), 2 survivors (4096K)
 Metaspace       used 64943K, committed 65472K, reserved 1114112K
  class space    used 8971K, committed 9216K, reserved 1048576K
}
Event: 15.425 GC heap before
{Heap before GC invocations=26 (full 0):
 garbage-first heap   total 86016K, used 68762K [0x0000000700000000, 0x0000000800000000)
  region size 2048K, 17 young (34816K), 2 survivors (4096K)
 Metaspace       used 67642K, committed 68160K, reserved 1114112K
  class space    used 9409K, committed 9664K, reserved 1048576K
}
Event: 15.432 GC heap after
{Heap after GC invocations=27 (full 0):
 garbage-first heap   total 86016K, used 43952K [0x0000000700000000, 0x0000000800000000)
  region size 2048K, 3 young (6144K), 3 survivors (6144K)
 Metaspace       used 67642K, committed 68160K, reserved 1114112K
  class space    used 9409K, committed 9664K, reserved 1048576K
}
Event: 15.862 GC heap before
{Heap before GC invocations=27 (full 0):
 garbage-first heap   total 86016K, used 60336K [0x0000000700000000, 0x0000000800000000)
  region size 2048K, 13 young (26624K), 3 survivors (6144K)
 Metaspace       used 68001K, committed 68544K, reserved 1114112K
  class space    used 9436K, committed 9664K, reserved 1048576K
}
Event: 15.869 GC heap after
{Heap after GC invocations=28 (full 0):
 garbage-first heap   total 86016K, used 46242K [0x0000000700000000, 0x0000000800000000)
  region size 2048K, 2 young (4096K), 2 survivors (4096K)
 Metaspace       used 68001K, committed 68544K, reserved 1114112K
  class space    used 9436K, committed 9664K, reserved 1048576K
}
Event: 15.972 GC heap before
{Heap before GC invocations=29 (full 0):
 garbage-first heap   total 92160K, used 50338K [0x0000000700000000, 0x0000000800000000)
  region size 2048K, 5 young (10240K), 2 survivors (4096K)
 Metaspace       used 68016K, committed 68544K, reserved 1114112K
  class space    used 9436K, committed 9664K, reserved 1048576K
}
Event: 15.976 GC heap after
{Heap after GC invocations=30 (full 0):
 garbage-first heap   total 92160K, used 53403K [0x0000000700000000, 0x0000000800000000)
  region size 2048K, 2 young (4096K), 2 survivors (4096K)
 Metaspace       used 68016K, committed 68544K, reserved 1114112K
  class space    used 9436K, committed 9664K, reserved 1048576K
}
Event: 16.296 GC heap before
{Heap before GC invocations=31 (full 0):
 garbage-first heap   total 106496K, used 67739K [0x0000000700000000, 0x0000000800000000)
  region size 2048K, 8 young (16384K), 2 survivors (4096K)
 Metaspace       used 68482K, committed 68992K, reserved 1114112K
  class space    used 9495K, committed 9728K, reserved 1048576K
}
Event: 16.300 GC heap after
{Heap after GC invocations=32 (full 0):
 garbage-first heap   total 106496K, used 60538K [0x0000000700000000, 0x0000000800000000)
  region size 2048K, 1 young (2048K), 1 survivors (2048K)
 Metaspace       used 68482K, committed 68992K, reserved 1114112K
  class space    used 9495K, committed 9728K, reserved 1048576K
}
Event: 16.547 GC heap before
{Heap before GC invocations=32 (full 0):
 garbage-first heap   total 106496K, used 68730K [0x0000000700000000, 0x0000000800000000)
  region size 2048K, 6 young (12288K), 1 survivors (2048K)
 Metaspace       used 68749K, committed 69376K, reserved 1114112K
  class space    used 9532K, committed 9792K, reserved 1048576K
}
Event: 16.552 GC heap after
{Heap after GC invocations=33 (full 0):
 garbage-first heap   total 106496K, used 62981K [0x0000000700000000, 0x0000000800000000)
  region size 2048K, 1 young (2048K), 1 survivors (2048K)
 Metaspace       used 68749K, committed 69376K, reserved 1114112K
  class space    used 9532K, committed 9792K, reserved 1048576K
}
Event: 16.875 GC heap before
{Heap before GC invocations=34 (full 0):
 garbage-first heap   total 116736K, used 77317K [0x0000000700000000, 0x0000000800000000)
  region size 2048K, 8 young (16384K), 1 survivors (2048K)
 Metaspace       used 69710K, committed 70336K, reserved 1114112K
  class space    used 9646K, committed 9920K, reserved 1048576K
}
Event: 16.878 GC heap after
{Heap after GC invocations=35 (full 0):
 garbage-first heap   total 116736K, used 67059K [0x0000000700000000, 0x0000000800000000)
  region size 2048K, 1 young (2048K), 1 survivors (2048K)
 Metaspace       used 69710K, committed 70336K, reserved 1114112K
  class space    used 9646K, committed 9920K, reserved 1048576K
}
Event: 17.307 GC heap before
{Heap before GC invocations=35 (full 0):
 garbage-first heap   total 116736K, used 83443K [0x0000000700000000, 0x0000000800000000)
  region size 2048K, 10 young (20480K), 1 survivors (2048K)
 Metaspace       used 71151K, committed 71744K, reserved 1114112K
  class space    used 9842K, committed 10112K, reserved 1048576K
}
Event: 17.309 GC heap after
{Heap after GC invocations=36 (full 0):
 garbage-first heap   total 116736K, used 68220K [0x0000000700000000, 0x0000000800000000)
  region size 2048K, 2 young (4096K), 2 survivors (4096K)
 Metaspace       used 71151K, committed 71744K, reserved 1114112K
  class space    used 9842K, committed 10112K, reserved 1048576K
}
Event: 17.714 GC heap before
{Heap before GC invocations=37 (full 0):
 garbage-first heap   total 122880K, used 84604K [0x0000000700000000, 0x0000000800000000)
  region size 2048K, 11 young (22528K), 2 survivors (4096K)
 Metaspace       used 73175K, committed 73728K, reserved 1114112K
  class space    used 10046K, committed 10304K, reserved 1048576K
}
Event: 17.716 GC heap after
{Heap after GC invocations=38 (full 0):
 garbage-first heap   total 122880K, used 68539K [0x0000000700000000, 0x0000000800000000)
  region size 2048K, 1 young (2048K), 1 survivors (2048K)
 Metaspace       used 73175K, committed 73728K, reserved 1114112K
  class space    used 10046K, committed 10304K, reserved 1048576K
}

